[I 2025-08-12 06:00:46,182] Trial 19 finished with value: 4.603335113831351 and parameters: {'n_layers': 2, 'layer_0_size': 32, 'layer_1_size': 128, 'learning_rate': 0.00019030443678432152, 'batch_size': 128, 'dropout': 0.11418310521102881, 'l2_reg': 0.0002501181112418235, 'max_epochs': 166, 'patience': 18}. Best is trial 13 with value: 4.403607090173405.
Best trial: 13. Best value: 4.40361: 100%|█████████████████████████████████████████████████████████████████████████████████████████████████████████████████████████████████████████████████████████████████████████████████████████████████████████████████████████████████████████████████████████████████████████████████████████████████████████████████████████████████████████████████████| 20/20 [4:18:12<00:00, 774.61s/it]

🏆 BEST HYPERPARAMETERS FOUND:
   📉 Best MAE: 4.404 bpm
   🏗️  Architecture: [128]
   📚 Learning rate: 1.14e-03
   📦 Batch size: 512
   🛡️  Dropout: 0.022
   ⚖️  L2 regularization: 9.29e-03
   ⏱️  Max epochs: 153
   ⏳ Patience: 24
📊 Progress: Current best vs RF: 4.404 vs 1.17 bpm
2025-08-12 06:00:46,186 - __main__ - INFO - Hyperparameter tuning completed. Best MAE: 4.404 bpm
Training MLP model with 72727 samples, 21 features...
MLP Model Architecture:
Model: "sequential"
┏━━━━━━━━━━━━━━━━━━━━━━━━━━━━━━━━━━━━━━┳━━━━━━━━━━━━━━━━━━━━━━━━━━━━━┳━━━━━━━━━━━━━━━━━┓
┃ Layer (type)                         ┃ Output Shape                ┃         Param # ┃
┡━━━━━━━━━━━━━━━━━━━━━━━━━━━━━━━━━━━━━━╇━━━━━━━━━━━━━━━━━━━━━━━━━━━━━╇━━━━━━━━━━━━━━━━━┩
│ dense (Dense)                        │ (None, 128)                 │           2,816 │
├──────────────────────────────────────┼─────────────────────────────┼─────────────────┤
│ dropout (Dropout)                    │ (None, 128)                 │               0 │
├──────────────────────────────────────┼─────────────────────────────┼─────────────────┤
│ dense_1 (Dense)                      │ (None, 1)                   │             129 │
└──────────────────────────────────────┴─────────────────────────────┴─────────────────┘
 Total params: 2,945 (11.50 KB)
 Trainable params: 2,945 (11.50 KB)
 Non-trainable params: 0 (0.00 B)
Epoch 1/153
114/114 ━━━━━━━━━━━━━━━━━━━━ 3s 15ms/step - loss: 16827.4258 - mae: 129.0042 - val_loss: 14558.7529 - val_mae: 119.6214 - learning_rate: 0.0011
Epoch 2/153
114/114 ━━━━━━━━━━━━━━━━━━━━ 0s 3ms/step - loss: 10745.8145 - mae: 100.2664 - val_loss: 6954.6377 - val_mae: 76.1759 - learning_rate: 0.0011
Epoch 3/153
114/114 ━━━━━━━━━━━━━━━━━━━━ 0s 3ms/step - loss: 5337.7817 - mae: 64.5177 - val_loss: 4421.2646 - val_mae: 56.1316 - learning_rate: 0.0011
Epoch 4/153
114/114 ━━━━━━━━━━━━━━━━━━━━ 0s 3ms/step - loss: 3598.5471 - mae: 50.2140 - val_loss: 3227.8550 - val_mae: 46.8840 - learning_rate: 0.0011
Epoch 5/153
114/114 ━━━━━━━━━━━━━━━━━━━━ 0s 3ms/step - loss: 2591.9768 - mae: 41.1542 - val_loss: 2272.0688 - val_mae: 38.1738 - learning_rate: 0.0011
Epoch 6/153
114/114 ━━━━━━━━━━━━━━━━━━━━ 0s 3ms/step - loss: 1884.6816 - mae: 34.5293 - val_loss: 1557.3818 - val_mae: 31.0176 - learning_rate: 0.0011
Epoch 7/153
114/114 ━━━━━━━━━━━━━━━━━━━━ 0s 3ms/step - loss: 1350.1605 - mae: 28.8857 - val_loss: 1103.2209 - val_mae: 25.6208 - learning_rate: 0.0011
Epoch 8/153
114/114 ━━━━━━━━━━━━━━━━━━━━ 0s 3ms/step - loss: 1014.6931 - mae: 24.8078 - val_loss: 851.9940 - val_mae: 22.3826 - learning_rate: 0.0011
Epoch 9/153
114/114 ━━━━━━━━━━━━━━━━━━━━ 0s 3ms/step - loss: 800.6669 - mae: 21.9412 - val_loss: 682.9228 - val_mae: 19.9828 - learning_rate: 0.0011
Epoch 10/153
114/114 ━━━━━━━━━━━━━━━━━━━━ 0s 3ms/step - loss: 641.0628 - mae: 19.5548 - val_loss: 549.7574 - val_mae: 17.8146 - learning_rate: 0.0011
Epoch 11/153
114/114 ━━━━━━━━━━━━━━━━━━━━ 0s 3ms/step - loss: 513.9236 - mae: 17.4318 - val_loss: 442.4568 - val_mae: 15.8563 - learning_rate: 0.0011
Epoch 12/153
114/114 ━━━━━━━━━━━━━━━━━━━━ 0s 3ms/step - loss: 416.0895 - mae: 15.5899 - val_loss: 361.7386 - val_mae: 14.2125 - learning_rate: 0.0011
Epoch 13/153
114/114 ━━━━━━━━━━━━━━━━━━━━ 0s 3ms/step - loss: 341.8255 - mae: 14.0840 - val_loss: 299.8686 - val_mae: 12.8240 - learning_rate: 0.0011
Epoch 14/153
114/114 ━━━━━━━━━━━━━━━━━━━━ 0s 3ms/step - loss: 285.5972 - mae: 12.7779 - val_loss: 250.0982 - val_mae: 11.6190 - learning_rate: 0.0011
Epoch 15/153
114/114 ━━━━━━━━━━━━━━━━━━━━ 0s 3ms/step - loss: 242.7508 - mae: 11.7171 - val_loss: 210.3844 - val_mae: 10.5976 - learning_rate: 0.0011
Epoch 16/153
114/114 ━━━━━━━━━━━━━━━━━━━━ 0s 3ms/step - loss: 208.8574 - mae: 10.8227 - val_loss: 179.6863 - val_mae: 9.7253 - learning_rate: 0.0011
Epoch 17/153
114/114 ━━━━━━━━━━━━━━━━━━━━ 0s 3ms/step - loss: 182.0714 - mae: 10.0914 - val_loss: 154.8610 - val_mae: 9.0013 - learning_rate: 0.0011
Epoch 18/153
114/114 ━━━━━━━━━━━━━━━━━━━━ 0s 3ms/step - loss: 159.0416 - mae: 9.4089 - val_loss: 135.6751 - val_mae: 8.4040 - learning_rate: 0.0011
Epoch 19/153
114/114 ━━━━━━━━━━━━━━━━━━━━ 0s 3ms/step - loss: 142.0961 - mae: 8.8746 - val_loss: 119.9070 - val_mae: 7.9003 - learning_rate: 0.0011
Epoch 20/153
114/114 ━━━━━━━━━━━━━━━━━━━━ 0s 3ms/step - loss: 129.5069 - mae: 8.4660 - val_loss: 107.6981 - val_mae: 7.5195 - learning_rate: 0.0011
Epoch 21/153
114/114 ━━━━━━━━━━━━━━━━━━━━ 0s 3ms/step - loss: 117.6333 - mae: 8.0683 - val_loss: 98.1958 - val_mae: 7.1704 - learning_rate: 0.0011
Epoch 22/153
114/114 ━━━━━━━━━━━━━━━━━━━━ 0s 3ms/step - loss: 108.5621 - mae: 7.7471 - val_loss: 90.6670 - val_mae: 6.8995 - learning_rate: 0.0011
Epoch 23/153
114/114 ━━━━━━━━━━━━━━━━━━━━ 0s 3ms/step - loss: 100.4749 - mae: 7.4666 - val_loss: 84.5740 - val_mae: 6.6785 - learning_rate: 0.0011
Epoch 24/153
114/114 ━━━━━━━━━━━━━━━━━━━━ 0s 3ms/step - loss: 95.0729 - mae: 7.2529 - val_loss: 80.1368 - val_mae: 6.4996 - learning_rate: 0.0011
Epoch 25/153
114/114 ━━━━━━━━━━━━━━━━━━━━ 0s 3ms/step - loss: 90.1773 - mae: 7.0595 - val_loss: 76.1726 - val_mae: 6.3182 - learning_rate: 0.0011
Epoch 26/153
114/114 ━━━━━━━━━━━━━━━━━━━━ 0s 3ms/step - loss: 85.7438 - mae: 6.8890 - val_loss: 72.3341 - val_mae: 6.1547 - learning_rate: 0.0011
Epoch 27/153
114/114 ━━━━━━━━━━━━━━━━━━━━ 0s 3ms/step - loss: 81.5594 - mae: 6.7439 - val_loss: 69.5462 - val_mae: 5.9992 - learning_rate: 0.0011
Epoch 28/153
114/114 ━━━━━━━━━━━━━━━━━━━━ 0s 3ms/step - loss: 77.9872 - mae: 6.5879 - val_loss: 67.0964 - val_mae: 5.9036 - learning_rate: 0.0011
Epoch 29/153
114/114 ━━━━━━━━━━━━━━━━━━━━ 0s 3ms/step - loss: 75.0722 - mae: 6.4683 - val_loss: 65.5689 - val_mae: 5.8957 - learning_rate: 0.0011
Epoch 30/153
114/114 ━━━━━━━━━━━━━━━━━━━━ 0s 3ms/step - loss: 72.3522 - mae: 6.3468 - val_loss: 63.7150 - val_mae: 5.7980 - learning_rate: 0.0011
Epoch 31/153
114/114 ━━━━━━━━━━━━━━━━━━━━ 0s 3ms/step - loss: 70.0747 - mae: 6.2475 - val_loss: 62.2895 - val_mae: 5.7184 - learning_rate: 0.0011
Epoch 32/153
114/114 ━━━━━━━━━━━━━━━━━━━━ 0s 3ms/step - loss: 68.0101 - mae: 6.1592 - val_loss: 60.8581 - val_mae: 5.6311 - learning_rate: 0.0011
Epoch 33/153
114/114 ━━━━━━━━━━━━━━━━━━━━ 0s 3ms/step - loss: 66.0467 - mae: 6.0762 - val_loss: 59.7990 - val_mae: 5.5989 - learning_rate: 0.0011
Epoch 34/153
114/114 ━━━━━━━━━━━━━━━━━━━━ 0s 3ms/step - loss: 65.0870 - mae: 6.0231 - val_loss: 58.1542 - val_mae: 5.5008 - learning_rate: 0.0011
Epoch 35/153
114/114 ━━━━━━━━━━━━━━━━━━━━ 0s 4ms/step - loss: 63.0603 - mae: 5.9341 - val_loss: 57.3664 - val_mae: 5.4810 - learning_rate: 0.0011
Epoch 36/153
114/114 ━━━━━━━━━━━━━━━━━━━━ 0s 3ms/step - loss: 62.0776 - mae: 5.8991 - val_loss: 56.5828 - val_mae: 5.4290 - learning_rate: 0.0011
Epoch 37/153
114/114 ━━━━━━━━━━━━━━━━━━━━ 0s 3ms/step - loss: 60.1864 - mae: 5.8159 - val_loss: 56.0173 - val_mae: 5.4319 - learning_rate: 0.0011
Epoch 38/153
114/114 ━━━━━━━━━━━━━━━━━━━━ 0s 3ms/step - loss: 59.3845 - mae: 5.7620 - val_loss: 55.7792 - val_mae: 5.4396 - learning_rate: 0.0011
Epoch 39/153
114/114 ━━━━━━━━━━━━━━━━━━━━ 0s 3ms/step - loss: 58.1601 - mae: 5.7132 - val_loss: 54.0906 - val_mae: 5.3246 - learning_rate: 0.0011
Epoch 40/153
114/114 ━━━━━━━━━━━━━━━━━━━━ 0s 3ms/step - loss: 57.3580 - mae: 5.6704 - val_loss: 54.2627 - val_mae: 5.3560 - learning_rate: 0.0011
Epoch 41/153
114/114 ━━━━━━━━━━━━━━━━━━━━ 0s 3ms/step - loss: 56.6986 - mae: 5.6359 - val_loss: 53.3143 - val_mae: 5.3082 - learning_rate: 0.0011
Epoch 42/153
114/114 ━━━━━━━━━━━━━━━━━━━━ 0s 3ms/step - loss: 55.5723 - mae: 5.5725 - val_loss: 53.5578 - val_mae: 5.3392 - learning_rate: 0.0011
Epoch 43/153
114/114 ━━━━━━━━━━━━━━━━━━━━ 0s 3ms/step - loss: 54.6446 - mae: 5.5415 - val_loss: 52.5548 - val_mae: 5.2865 - learning_rate: 0.0011
Epoch 44/153
114/114 ━━━━━━━━━━━━━━━━━━━━ 0s 3ms/step - loss: 53.7888 - mae: 5.4824 - val_loss: 52.5366 - val_mae: 5.2991 - learning_rate: 0.0011
Epoch 45/153
114/114 ━━━━━━━━━━━━━━━━━━━━ 0s 4ms/step - loss: 53.2650 - mae: 5.4735 - val_loss: 51.8035 - val_mae: 5.2705 - learning_rate: 0.0011
Epoch 46/153
114/114 ━━━━━━━━━━━━━━━━━━━━ 0s 4ms/step - loss: 52.5521 - mae: 5.4462 - val_loss: 52.0145 - val_mae: 5.2836 - learning_rate: 0.0011
Epoch 47/153
114/114 ━━━━━━━━━━━━━━━━━━━━ 0s 3ms/step - loss: 51.6518 - mae: 5.3894 - val_loss: 51.4379 - val_mae: 5.2592 - learning_rate: 0.0011
Epoch 48/153
114/114 ━━━━━━━━━━━━━━━━━━━━ 0s 3ms/step - loss: 50.9750 - mae: 5.3578 - val_loss: 50.4349 - val_mae: 5.2067 - learning_rate: 0.0011
Epoch 49/153
114/114 ━━━━━━━━━━━━━━━━━━━━ 0s 3ms/step - loss: 50.8071 - mae: 5.3519 - val_loss: 50.2060 - val_mae: 5.2045 - learning_rate: 0.0011
Epoch 50/153
114/114 ━━━━━━━━━━━━━━━━━━━━ 0s 3ms/step - loss: 50.4400 - mae: 5.3297 - val_loss: 49.6539 - val_mae: 5.1924 - learning_rate: 0.0011
Epoch 51/153
114/114 ━━━━━━━━━━━━━━━━━━━━ 0s 3ms/step - loss: 49.6325 - mae: 5.2947 - val_loss: 49.7447 - val_mae: 5.1868 - learning_rate: 0.0011
Epoch 52/153
114/114 ━━━━━━━━━━━━━━━━━━━━ 0s 3ms/step - loss: 49.2204 - mae: 5.2619 - val_loss: 49.6178 - val_mae: 5.2032 - learning_rate: 0.0011
Epoch 53/153
114/114 ━━━━━━━━━━━━━━━━━━━━ 0s 4ms/step - loss: 48.7287 - mae: 5.2463 - val_loss: 48.9747 - val_mae: 5.1601 - learning_rate: 0.0011
Epoch 54/153
114/114 ━━━━━━━━━━━━━━━━━━━━ 0s 3ms/step - loss: 48.5404 - mae: 5.2338 - val_loss: 48.7313 - val_mae: 5.1384 - learning_rate: 0.0011
Epoch 55/153
114/114 ━━━━━━━━━━━━━━━━━━━━ 0s 3ms/step - loss: 47.7282 - mae: 5.2014 - val_loss: 48.2634 - val_mae: 5.1415 - learning_rate: 0.0011
Epoch 56/153
114/114 ━━━━━━━━━━━━━━━━━━━━ 0s 3ms/step - loss: 47.5205 - mae: 5.1823 - val_loss: 48.0081 - val_mae: 5.1265 - learning_rate: 0.0011
Epoch 57/153
114/114 ━━━━━━━━━━━━━━━━━━━━ 0s 3ms/step - loss: 47.1354 - mae: 5.1747 - val_loss: 47.8594 - val_mae: 5.1262 - learning_rate: 0.0011
Epoch 58/153
114/114 ━━━━━━━━━━━━━━━━━━━━ 0s 3ms/step - loss: 46.8102 - mae: 5.1464 - val_loss: 47.7994 - val_mae: 5.1430 - learning_rate: 0.0011
Epoch 59/153
114/114 ━━━━━━━━━━━━━━━━━━━━ 0s 3ms/step - loss: 46.4678 - mae: 5.1195 - val_loss: 47.3422 - val_mae: 5.1127 - learning_rate: 0.0011
Epoch 60/153
114/114 ━━━━━━━━━━━━━━━━━━━━ 0s 3ms/step - loss: 46.1565 - mae: 5.1225 - val_loss: 47.9379 - val_mae: 5.1635 - learning_rate: 0.0011
Epoch 61/153
114/114 ━━━━━━━━━━━━━━━━━━━━ 0s 3ms/step - loss: 45.8393 - mae: 5.0946 - val_loss: 46.9346 - val_mae: 5.0932 - learning_rate: 0.0011
Epoch 62/153
114/114 ━━━━━━━━━━━━━━━━━━━━ 0s 4ms/step - loss: 45.6019 - mae: 5.0832 - val_loss: 47.1321 - val_mae: 5.0983 - learning_rate: 0.0011
Epoch 63/153
114/114 ━━━━━━━━━━━━━━━━━━━━ 0s 3ms/step - loss: 45.2692 - mae: 5.0676 - val_loss: 46.8050 - val_mae: 5.0964 - learning_rate: 0.0011
Epoch 64/153
114/114 ━━━━━━━━━━━━━━━━━━━━ 0s 3ms/step - loss: 44.7910 - mae: 5.0411 - val_loss: 46.5519 - val_mae: 5.0829 - learning_rate: 0.0011
Epoch 65/153
114/114 ━━━━━━━━━━━━━━━━━━━━ 0s 3ms/step - loss: 44.7366 - mae: 5.0387 - val_loss: 46.5134 - val_mae: 5.0874 - learning_rate: 0.0011
Epoch 66/153
114/114 ━━━━━━━━━━━━━━━━━━━━ 0s 4ms/step - loss: 44.3430 - mae: 5.0226 - val_loss: 46.3187 - val_mae: 5.0697 - learning_rate: 0.0011
Epoch 67/153
114/114 ━━━━━━━━━━━━━━━━━━━━ 0s 3ms/step - loss: 44.5438 - mae: 5.0267 - val_loss: 46.0512 - val_mae: 5.0658 - learning_rate: 0.0011
Epoch 68/153
114/114 ━━━━━━━━━━━━━━━━━━━━ 0s 3ms/step - loss: 43.9666 - mae: 4.9941 - val_loss: 46.1755 - val_mae: 5.0699 - learning_rate: 0.0011
Epoch 69/153
114/114 ━━━━━━━━━━━━━━━━━━━━ 0s 3ms/step - loss: 43.9280 - mae: 4.9962 - val_loss: 46.2848 - val_mae: 5.0965 - learning_rate: 0.0011
Epoch 70/153
114/114 ━━━━━━━━━━━━━━━━━━━━ 0s 3ms/step - loss: 43.8292 - mae: 4.9797 - val_loss: 46.0403 - val_mae: 5.0896 - learning_rate: 0.0011
Epoch 71/153
114/114 ━━━━━━━━━━━━━━━━━━━━ 0s 3ms/step - loss: 43.2707 - mae: 4.9586 - val_loss: 45.4998 - val_mae: 5.0404 - learning_rate: 0.0011
Epoch 72/153
114/114 ━━━━━━━━━━━━━━━━━━━━ 0s 3ms/step - loss: 43.5341 - mae: 4.9752 - val_loss: 45.5444 - val_mae: 5.0482 - learning_rate: 0.0011
Epoch 73/153
114/114 ━━━━━━━━━━━━━━━━━━━━ 0s 3ms/step - loss: 42.9530 - mae: 4.9489 - val_loss: 45.2472 - val_mae: 5.0262 - learning_rate: 0.0011
Epoch 74/153
114/114 ━━━━━━━━━━━━━━━━━━━━ 0s 3ms/step - loss: 43.1572 - mae: 4.9549 - val_loss: 45.4567 - val_mae: 5.0553 - learning_rate: 0.0011
Epoch 75/153
114/114 ━━━━━━━━━━━━━━━━━━━━ 0s 3ms/step - loss: 42.8220 - mae: 4.9339 - val_loss: 45.1636 - val_mae: 5.0187 - learning_rate: 0.0011
Epoch 76/153
114/114 ━━━━━━━━━━━━━━━━━━━━ 0s 3ms/step - loss: 42.7539 - mae: 4.9396 - val_loss: 45.1916 - val_mae: 5.0385 - learning_rate: 0.0011
Epoch 77/153
114/114 ━━━━━━━━━━━━━━━━━━━━ 0s 3ms/step - loss: 42.5268 - mae: 4.9235 - val_loss: 44.7077 - val_mae: 5.0131 - learning_rate: 0.0011
Epoch 78/153
114/114 ━━━━━━━━━━━━━━━━━━━━ 0s 3ms/step - loss: 42.1646 - mae: 4.9008 - val_loss: 44.4334 - val_mae: 4.9883 - learning_rate: 0.0011
Epoch 79/153
114/114 ━━━━━━━━━━━━━━━━━━━━ 0s 3ms/step - loss: 42.4721 - mae: 4.9236 - val_loss: 44.2091 - val_mae: 4.9814 - learning_rate: 0.0011
Epoch 80/153
114/114 ━━━━━━━━━━━━━━━━━━━━ 0s 3ms/step - loss: 41.9868 - mae: 4.8884 - val_loss: 44.6226 - val_mae: 5.0157 - learning_rate: 0.0011
Epoch 81/153
114/114 ━━━━━━━━━━━━━━━━━━━━ 0s 3ms/step - loss: 42.0013 - mae: 4.8904 - val_loss: 44.5674 - val_mae: 5.0092 - learning_rate: 0.0011
Epoch 82/153
114/114 ━━━━━━━━━━━━━━━━━━━━ 0s 3ms/step - loss: 41.9792 - mae: 4.8925 - val_loss: 44.1001 - val_mae: 4.9717 - learning_rate: 0.0011
Epoch 83/153
114/114 ━━━━━━━━━━━━━━━━━━━━ 0s 3ms/step - loss: 41.9000 - mae: 4.8914 - val_loss: 44.0881 - val_mae: 4.9814 - learning_rate: 0.0011
Epoch 84/153
114/114 ━━━━━━━━━━━━━━━━━━━━ 0s 3ms/step - loss: 41.5747 - mae: 4.8693 - val_loss: 43.9050 - val_mae: 4.9771 - learning_rate: 0.0011
Epoch 85/153
114/114 ━━━━━━━━━━━━━━━━━━━━ 0s 3ms/step - loss: 41.5938 - mae: 4.8768 - val_loss: 44.1188 - val_mae: 4.9913 - learning_rate: 0.0011
Epoch 86/153
114/114 ━━━━━━━━━━━━━━━━━━━━ 0s 3ms/step - loss: 41.3702 - mae: 4.8545 - val_loss: 43.8692 - val_mae: 4.9703 - learning_rate: 0.0011
Epoch 87/153
114/114 ━━━━━━━━━━━━━━━━━━━━ 0s 3ms/step - loss: 41.3501 - mae: 4.8581 - val_loss: 43.8527 - val_mae: 4.9856 - learning_rate: 0.0011
Epoch 88/153
114/114 ━━━━━━━━━━━━━━━━━━━━ 0s 3ms/step - loss: 41.3582 - mae: 4.8677 - val_loss: 43.5671 - val_mae: 4.9571 - learning_rate: 0.0011
Epoch 89/153
114/114 ━━━━━━━━━━━━━━━━━━━━ 0s 4ms/step - loss: 41.1233 - mae: 4.8485 - val_loss: 43.6665 - val_mae: 4.9647 - learning_rate: 0.0011
Epoch 90/153
114/114 ━━━━━━━━━━━━━━━━━━━━ 0s 3ms/step - loss: 41.0553 - mae: 4.8505 - val_loss: 43.4270 - val_mae: 4.9700 - learning_rate: 0.0011
Epoch 91/153
114/114 ━━━━━━━━━━━━━━━━━━━━ 0s 3ms/step - loss: 40.9067 - mae: 4.8368 - val_loss: 43.3769 - val_mae: 4.9557 - learning_rate: 0.0011
Epoch 92/153
114/114 ━━━━━━━━━━━━━━━━━━━━ 0s 3ms/step - loss: 40.9636 - mae: 4.8385 - val_loss: 43.5065 - val_mae: 4.9729 - learning_rate: 0.0011
Epoch 93/153
114/114 ━━━━━━━━━━━━━━━━━━━━ 0s 3ms/step - loss: 41.0052 - mae: 4.8376 - val_loss: 43.5187 - val_mae: 4.9755 - learning_rate: 0.0011
Epoch 94/153
114/114 ━━━━━━━━━━━━━━━━━━━━ 0s 3ms/step - loss: 40.8871 - mae: 4.8392 - val_loss: 43.0397 - val_mae: 4.9474 - learning_rate: 0.0011
Epoch 95/153
114/114 ━━━━━━━━━━━━━━━━━━━━ 0s 3ms/step - loss: 40.8553 - mae: 4.8338 - val_loss: 43.1635 - val_mae: 4.9564 - learning_rate: 0.0011
Epoch 96/153
114/114 ━━━━━━━━━━━━━━━━━━━━ 0s 3ms/step - loss: 40.6676 - mae: 4.8235 - val_loss: 43.5277 - val_mae: 4.9799 - learning_rate: 0.0011
Epoch 97/153
114/114 ━━━━━━━━━━━━━━━━━━━━ 0s 3ms/step - loss: 40.5141 - mae: 4.8169 - val_loss: 43.2920 - val_mae: 4.9732 - learning_rate: 0.0011
Epoch 98/153
114/114 ━━━━━━━━━━━━━━━━━━━━ 0s 3ms/step - loss: 40.2211 - mae: 4.7975 - val_loss: 43.4738 - val_mae: 4.9839 - learning_rate: 0.0011
Epoch 99/153
114/114 ━━━━━━━━━━━━━━━━━━━━ 0s 3ms/step - loss: 40.4047 - mae: 4.8074 - val_loss: 42.6064 - val_mae: 4.9122 - learning_rate: 0.0011
Epoch 100/153
114/114 ━━━━━━━━━━━━━━━━━━━━ 0s 3ms/step - loss: 40.3704 - mae: 4.8033 - val_loss: 42.6769 - val_mae: 4.9237 - learning_rate: 0.0011
Epoch 101/153
114/114 ━━━━━━━━━━━━━━━━━━━━ 0s 3ms/step - loss: 40.3616 - mae: 4.8175 - val_loss: 43.1328 - val_mae: 4.9580 - learning_rate: 0.0011
Epoch 102/153
114/114 ━━━━━━━━━━━━━━━━━━━━ 0s 3ms/step - loss: 40.3337 - mae: 4.7915 - val_loss: 43.0294 - val_mae: 4.9566 - learning_rate: 0.0011
Epoch 103/153
114/114 ━━━━━━━━━━━━━━━━━━━━ 0s 3ms/step - loss: 40.0651 - mae: 4.7926 - val_loss: 42.8146 - val_mae: 4.9387 - learning_rate: 0.0011
Epoch 104/153
114/114 ━━━━━━━━━━━━━━━━━━━━ 0s 3ms/step - loss: 40.1927 - mae: 4.7922 - val_loss: 43.0204 - val_mae: 4.9510 - learning_rate: 0.0011
Epoch 105/153
114/114 ━━━━━━━━━━━━━━━━━━━━ 0s 3ms/step - loss: 40.0636 - mae: 4.7823 - val_loss: 42.3659 - val_mae: 4.9017 - learning_rate: 0.0011
Epoch 106/153
114/114 ━━━━━━━━━━━━━━━━━━━━ 0s 3ms/step - loss: 39.9838 - mae: 4.7832 - val_loss: 42.5544 - val_mae: 4.9230 - learning_rate: 0.0011
Epoch 107/153
114/114 ━━━━━━━━━━━━━━━━━━━━ 0s 3ms/step - loss: 40.0747 - mae: 4.7864 - val_loss: 42.3170 - val_mae: 4.9048 - learning_rate: 0.0011
Epoch 108/153
114/114 ━━━━━━━━━━━━━━━━━━━━ 0s 3ms/step - loss: 40.1090 - mae: 4.7845 - val_loss: 42.8422 - val_mae: 4.9392 - learning_rate: 0.0011
Epoch 109/153
114/114 ━━━━━━━━━━━━━━━━━━━━ 0s 3ms/step - loss: 39.7555 - mae: 4.7778 - val_loss: 42.3813 - val_mae: 4.9137 - learning_rate: 0.0011
Epoch 110/153
114/114 ━━━━━━━━━━━━━━━━━━━━ 0s 3ms/step - loss: 39.8468 - mae: 4.7810 - val_loss: 42.5916 - val_mae: 4.9297 - learning_rate: 0.0011
Epoch 111/153
114/114 ━━━━━━━━━━━━━━━━━━━━ 0s 3ms/step - loss: 39.7948 - mae: 4.7792 - val_loss: 42.4288 - val_mae: 4.9245 - learning_rate: 0.0011
Epoch 112/153
114/114 ━━━━━━━━━━━━━━━━━━━━ 0s 3ms/step - loss: 39.7456 - mae: 4.7730 - val_loss: 42.6264 - val_mae: 4.9386 - learning_rate: 0.0011
Epoch 113/153
114/114 ━━━━━━━━━━━━━━━━━━━━ 0s 3ms/step - loss: 39.6732 - mae: 4.7677 - val_loss: 41.9693 - val_mae: 4.8857 - learning_rate: 0.0011
Epoch 114/153
114/114 ━━━━━━━━━━━━━━━━━━━━ 0s 3ms/step - loss: 40.1436 - mae: 4.7972 - val_loss: 41.6436 - val_mae: 4.8517 - learning_rate: 0.0011
Epoch 115/153
114/114 ━━━━━━━━━━━━━━━━━━━━ 0s 4ms/step - loss: 39.5116 - mae: 4.7533 - val_loss: 42.1104 - val_mae: 4.8894 - learning_rate: 0.0011
Epoch 116/153
114/114 ━━━━━━━━━━━━━━━━━━━━ 0s 3ms/step - loss: 39.5581 - mae: 4.7694 - val_loss: 42.5526 - val_mae: 4.9221 - learning_rate: 0.0011
Epoch 117/153
114/114 ━━━━━━━━━━━━━━━━━━━━ 0s 3ms/step - loss: 39.4086 - mae: 4.7654 - val_loss: 42.2536 - val_mae: 4.9144 - learning_rate: 0.0011
Epoch 118/153
114/114 ━━━━━━━━━━━━━━━━━━━━ 0s 3ms/step - loss: 39.4548 - mae: 4.7599 - val_loss: 41.9711 - val_mae: 4.8766 - learning_rate: 0.0011
Epoch 119/153
114/114 ━━━━━━━━━━━━━━━━━━━━ 0s 3ms/step - loss: 39.4992 - mae: 4.7660 - val_loss: 42.1240 - val_mae: 4.8958 - learning_rate: 0.0011
Epoch 120/153
114/114 ━━━━━━━━━━━━━━━━━━━━ 0s 3ms/step - loss: 39.3603 - mae: 4.7478 - val_loss: 41.9833 - val_mae: 4.8830 - learning_rate: 0.0011
Epoch 121/153
114/114 ━━━━━━━━━━━━━━━━━━━━ 0s 3ms/step - loss: 39.4717 - mae: 4.7498 - val_loss: 42.0769 - val_mae: 4.9007 - learning_rate: 0.0011
Epoch 122/153
114/114 ━━━━━━━━━━━━━━━━━━━━ 0s 3ms/step - loss: 39.3635 - mae: 4.7535 - val_loss: 42.0132 - val_mae: 4.8796 - learning_rate: 0.0011
Epoch 123/153
114/114 ━━━━━━━━━━━━━━━━━━━━ 0s 3ms/step - loss: 39.3169 - mae: 4.7432 - val_loss: 42.0806 - val_mae: 4.8919 - learning_rate: 0.0011
Epoch 124/153
102/114 ━━━━━━━━━━━━━━━━━━━━ 0s 3ms/step - loss: 39.1850 - mae: 4.7404
114/114 ━━━━━━━━━━━━━━━━━━━━ 0s 4ms/step - loss: 39.2075 - mae: 4.7461 - val_loss: 41.8496 - val_mae: 4.8795 - learning_rate: 0.0011
Epoch 125/153
114/114 ━━━━━━━━━━━━━━━━━━━━ 0s 3ms/step - loss: 39.2767 - mae: 4.7394 - val_loss: 42.0374 - val_mae: 4.9000 - learning_rate: 5.7077e-04
Epoch 126/153
114/114 ━━━━━━━━━━━━━━━━━━━━ 0s 3ms/step - loss: 39.1913 - mae: 4.7366 - val_loss: 41.7890 - val_mae: 4.8901 - learning_rate: 5.7077e-04
Epoch 127/153
114/114 ━━━━━━━━━━━━━━━━━━━━ 0s 3ms/step - loss: 39.0795 - mae: 4.7410 - val_loss: 41.8239 - val_mae: 4.8893 - learning_rate: 5.7077e-04
Epoch 128/153
114/114 ━━━━━━━━━━━━━━━━━━━━ 0s 3ms/step - loss: 39.0425 - mae: 4.7310 - val_loss: 41.9010 - val_mae: 4.8959 - learning_rate: 5.7077e-04
Epoch 129/153
114/114 ━━━━━━━━━━━━━━━━━━━━ 0s 3ms/step - loss: 38.8902 - mae: 4.7297 - val_loss: 41.8768 - val_mae: 4.8953 - learning_rate: 5.7077e-04
Epoch 130/153
114/114 ━━━━━━━━━━━━━━━━━━━━ 0s 3ms/step - loss: 38.9926 - mae: 4.7271 - val_loss: 41.9484 - val_mae: 4.8980 - learning_rate: 5.7077e-04
Epoch 131/153
114/114 ━━━━━━━━━━━━━━━━━━━━ 0s 3ms/step - loss: 39.0984 - mae: 4.7321 - val_loss: 41.6547 - val_mae: 4.8764 - learning_rate: 5.7077e-04
Epoch 132/153
114/114 ━━━━━━━━━━━━━━━━━━━━ 0s 3ms/step - loss: 39.0173 - mae: 4.7307 - val_loss: 41.8247 - val_mae: 4.8889 - learning_rate: 5.7077e-04
Epoch 133/153
114/114 ━━━━━━━━━━━━━━━━━━━━ 0s 3ms/step - loss: 38.8340 - mae: 4.7125 - val_loss: 41.7573 - val_mae: 4.8866 - learning_rate: 5.7077e-04
Epoch 134/153
112/114 ━━━━━━━━━━━━━━━━━━━━ 0s 2ms/step - loss: 39.0576 - mae: 4.7308
114/114 ━━━━━━━━━━━━━━━━━━━━ 0s 3ms/step - loss: 39.1098 - mae: 4.7346 - val_loss: 41.9945 - val_mae: 4.9092 - l