 python main.py
Importing plotly failed. Interactive plots will not work.
/home/glandais/code/perso/hrmodel/src/models/deepar_model.py:17: UserWarning: PyTorch not available. Install with: pip install torch
  warnings.warn("PyTorch not available. Install with: pip install torch")
2025-08-12 01:42:25.143549: E external/local_xla/xla/stream_executor/cuda/cuda_fft.cc:467] Unable to register cuFFT factory: Attempting to register factory for plugin cuFFT when one has already been registered
WARNING: All log messages before absl::InitializeLog() is called are written to STDERR
E0000 00:00:1754955745.173520 2936496 cuda_dnn.cc:8579] Unable to register cuDNN factory: Attempting to register factory for plugin cuDNN when one has already been registered
E0000 00:00:1754955745.184244 2936496 cuda_blas.cc:1407] Unable to register cuBLAS factory: Attempting to register factory for plugin cuBLAS when one has already been registered
W0000 00:00:1754955745.249331 2936496 computation_placer.cc:177] computation placer already registered. Please check linkage and avoid linking the same target more than once.
W0000 00:00:1754955745.249360 2936496 computation_placer.cc:177] computation placer already registered. Please check linkage and avoid linking the same target more than once.
W0000 00:00:1754955745.249363 2936496 computation_placer.cc:177] computation placer already registered. Please check linkage and avoid linking the same target more than once.
W0000 00:00:1754955745.249367 2936496 computation_placer.cc:177] computation placer already registered. Please check linkage and avoid linking the same target more than once.
2025-08-12 01:42:25.267282: I tensorflow/core/platform/cpu_feature_guard.cc:210] This TensorFlow binary is optimized to use available CPU instructions in performance-critical operations.
To enable the following instructions: AVX2 FMA, in other operations, rebuild TensorFlow with the appropriate compiler flags.
2025-08-12 01:42:27,174 - __main__ - INFO - Pipeline initialized
2025-08-12 01:42:27,174 - __main__ - INFO - Starting HR Model Pipeline
2025-08-12 01:42:27,174 - __main__ - INFO - Loading GPX data...
Parsed hr6: 4957 points
Parsed hr1: 20801 points
Parsed hr2: 24556 points
Parsed hr5: 5092 points
Parsed hr4: 7647 points
Parsed hr3: 4507 points
Parsed hr7: 5167 points
2025-08-12 01:42:32,999 - __main__ - INFO - Loaded 7 files with 72,727 total points
2025-08-12 01:42:32,999 - __main__ - INFO - Engineering features...
2025-08-12 01:42:33,094 - __main__ - INFO - Processed hr6: 4957 points, 107 features
2025-08-12 01:42:33,270 - __main__ - INFO - Processed hr1: 20801 points, 107 features
2025-08-12 01:42:33,473 - __main__ - INFO - Processed hr2: 24556 points, 107 features
2025-08-12 01:42:33,561 - __main__ - INFO - Processed hr5: 5092 points, 107 features
2025-08-12 01:42:33,641 - __main__ - INFO - Processed hr4: 7647 points, 107 features
2025-08-12 01:42:33,711 - __main__ - INFO - Processed hr3: 4507 points, 107 features
2025-08-12 01:42:33,785 - __main__ - INFO - Processed hr7: 5167 points, 107 features
2025-08-12 01:42:33,785 - __main__ - INFO - Preparing training data...
2025-08-12 01:42:33,858 - __main__ - INFO - Features selected (no HR leakage): ['cad', 'power', 'ele', 'cad5', 'cad10', 'cad30', 'cad60', 'power5', 'power10', 'power30', 'power60', 'power_lag_1', 'power_lag_5', 'power_lag_10', 'power_lag_15', 'power_lag_30', 'cad_lag_1', 'cad_lag_5', 'cad_lag_10', 'cad_lag_15', 'cad_lag_30']
2025-08-12 01:42:33,879 - __main__ - INFO - Training data prepared: 72727 samples, 21 features
2025-08-12 01:42:33,880 - __main__ - INFO - Training models...
2025-08-12 01:42:33,880 - __main__ - INFO - Training OLS model...
OLS model trained on 72727 samples with 21 features
Training R²: 0.7456, MAE: 4.95
Model saved to output/ols/ols_model.joblib
2025-08-12 01:42:33,954 - __main__ - INFO - Training MLP model...
2025-08-12 01:42:33,955 - __main__ - INFO - Starting MLP hyperparameter tuning with 20 trials...
🔧 Starting MLP hyperparameter tuning with 20 trials...
🎯 Target: < 1.17 bpm MAE (beat Random Forest)
📊 Training data: 72727 samples, 21 features
[I 2025-08-12 01:42:33,968] A new study created in memory with name: mlp_hr_prediction
🚀 Starting hyperparameter search...
  0%|                                                                                                                                                                                                                                                                                                                                                                                                      | 0/20 [00:00<?, ?it/s]I0000 00:00:1754955754.304338 2936496 gpu_device.cc:2019] Created device /job:localhost/replica:0/task:0/device:GPU:0 with 2498 MB memory:  -> device: 0, name: NVIDIA GeForce GTX 1650 Ti, pci bus id: 0000:01:00.0, compute capability: 7.5
WARNING: All log messages before absl::InitializeLog() is called are written to STDERR
I0000 00:00:1754955756.116703 2936725 service.cc:152] XLA service 0x707bac00a390 initialized for platform CUDA (this does not guarantee that XLA will be used). Devices:
I0000 00:00:1754955756.116872 2936725 service.cc:160]   StreamExecutor device (0): NVIDIA GeForce GTX 1650 Ti, Compute Capability 7.5
2025-08-12 01:42:36.165397: I tensorflow/compiler/mlir/tensorflow/utils/dump_mlir_util.cc:269] disabling MLIR crash reproducer, set env var `MLIR_CRASH_REPRODUCER_DIRECTORY` to enable.
I0000 00:00:1754955756.361172 2936725 cuda_dnn.cc:529] Loaded cuDNN version 90300
I0000 00:00:1754955757.838572 2936725 device_compiler.h:188] Compiled cluster using XLA!  This line is logged at most once for the lifetime of the process.
[I 2025-08-12 01:56:22,302] Trial 0 finished with value: 4.641135957210454 and parameters: {'n_layers': 2, 'layer_0_size': 16, 'layer_1_size': 32, 'learning_rate': 0.008123245085588688, 'batch_size': 64, 'dropout': 0.15212112147976886, 'l2_reg': 0.0001256104370001356, 'max_epochs': 115, 'patience': 16}. Best is trial 0 with value: 4.641135957210454.
Best trial: 0. Best value: 4.64114:   5%|█████████████████▏                                                                                                                                                                                                                                                                                                                                                                                                                                                                                                                                                                                                                                                                                             [I 2025-08-12 02:17:36,389] Trial 1 finished with value: 4.990717615334352 and parameters: {'n_layers': 3, 'layer_0_size': 256, 'layer_1_size': 256, 'layer_2_size': 128, 'learning_rate': 8.200518402245828e-05, 'batch_size': 128, 'dropout': 0.2475884550556351, 'l2_reg': 1.3726318898045876e-06, 'max_epochs': 187, 'patience': 15}. Best is trial 0 with value: 4.641135957210454.
Best trial: 0. Best value: 4.64114:   5%|█████████████████▏                                                                                                                                                                                                                                                                                                                 Best trial: 0. Best value: 4.64114:   5%|█████████████████▏                                                                                                                                                                                                                                                                                                                 Best trial: 0. Best value: 4.64114:  10%|██████████████████████████████████▏                                [I 2025-08-12 02:37:22,112] Trial 2 finished with value: 4.745353008729981 and parameters: {'n_layers': 3, 'layer_0_size': 256, 'layer_1_size': 32, 'layer_2_size': 256, 'learning_rate': 6.516990611177177e-05, 'batch_size': 64, 'dropout': 0.07046211248738132, 'l2_reg': 0.0016172900811143157, 'max_epochs': 61, 'patience': 30}. Best is trial 0 with value: 4.641135957210454.
[I 2025-08-12 02:41:36,267] Trial 3 finished with value: 5.448346504132935 and parameters: {'n_layers': 4, 'layer_0_size': 64, 'layer_1_size': 256, 'layer_2_size': 16, 'layer_3_size': 64, 'learning_rate': 0.0013795402040204172, 'batch_size': 256, 'dropout': 0.26136641469099703, 'l2_reg': 5.1305517605898387e-05, 'max_epochs': 53, 'patience': 12}. Best is trial 0 with value: 4.641135957210454.
[I 2025-08-12 03:18:48,171] Trial 4 finished with value: 4.497753080095967 and parameters: {'n_layers': 1, 'layer_0_size': 128, 'learning_rate': 0.0001702741688676439, 'batch_size': 64, 'dropout': 0.08061064362700221, 'l2_reg': 0.005233480488540089, 'max_epochs': 172, 'patience': 23}. Best is trial 4 with value: 4.497753080095967.
[I 2025-08-12 03:26:30,474] Trial 5 finished with value: 4.94405563524634 and parameters: {'n_layers': 4, 'layer_0_size': 64, 'layer_1_size': 16, 'layer_2_size': 32, 'layer_3_size': 128, 'learning_rate': 0.0003600575029200903, 'batch_size': 256, 'dropout': 0.12589114791268208, 'l2_reg': 9.749762207436125e-05, 'max_epochs': 95, 'patience': 15}. Best is trial 4 with value: 4.497753080095967.
[I 2025-08-12 03:31:36,889] Trial 6 finished with value: 19.237403554464823 and parameters: {'n_layers': 1, 'layer_0_size': 256, 'learning_rate': 5.232216089948759e-05, 'batch_size': 256, 'dropout': 0.3360677737029393, 'l2_reg': 0.0011129571947046015, 'max_epochs': 85, 'patience': 25}. Best is trial 4 with value: 4.497753080095967.
[I 2025-08-12 03:45:18,009] Trial 7 finished with value: 7.357286946696625 and parameters: {'n_layers': 2, 'layer_0_size': 256, 'layer_1_size': 256, 'learning_rate': 1.1214075785991125e-05, 'batch_size': 256, 'dropout': 0.345468869051233, 'l2_reg': 3.523233163198316e-05, 'max_epochs': 191, 'patience': 12}. Best is trial 4 with value: 4.497753080095967.
[I 2025-08-12 04:02:04,776] Trial 8 finished with value: 4.7091181161782005 and parameters: {'n_layers': 2, 'layer_0_size': 32, 'layer_1_size': 16, 'learning_rate': 0.004916400722913764, 'batch_size': 64, 'dropout': 0.3629778394351197, 'l2_reg': 0.0038765111709116325, 'max_epochs': 183, 'patience': 26}. Best is trial 4 with value: 4.497753080095967.
[I 2025-08-12 04:11:21,642] Trial 9 finished with value: 6.977698799621146 and parameters: {'n_layers': 3, 'layer_0_size': 64, 'layer_1_size': 32, 'layer_2_size': 128, 'learning_rate': 9.466710461838316e-05, 'batch_size': 256, 'dropout': 0.2841543016677358, 'l2_reg': 2.3697311169867343e-06, 'max_epochs': 105, 'patience': 15}. Best is trial 4 with value: 4.497753080095967.
[I 2025-08-12 04:16:18,413] Trial 10 finished with value: 4.602988802264883 and parameters: {'n_layers': 1, 'layer_0_size': 128, 'learning_rate': 0.00035818838057926613, 'batch_size': 512, 'dropout': 0.007737373481972759, 'l2_reg': 0.0004696067848233793, 'max_epochs': 148, 'patience': 21}. Best is trial 4 with value: 4.497753080095967.
[I 2025-08-12 04:21:15,514] Trial 11 finished with value: 4.513277845469615 and parameters: {'n_layers': 1, 'layer_0_size': 128, 'learning_rate': 0.0005210134436871746, 'batch_size': 512, 'dropout': 0.012433451486644903, 'l2_reg': 0.009502506228101722, 'max_epochs': 151, 'patience': 21}. Best is trial 4 with value: 4.497753080095967.
[I 2025-08-12 04:25:04,204] Trial 12 finished with value: 4.819122794186254 and parameters: {'n_layers': 1, 'layer_0_size': 128, 'learning_rate': 0.0010595024658273777, 'batch_size': 512, 'dropout': 0.4559583616089687, 'l2_reg': 0.00988649319758112, 'max_epochs': 156, 'patience': 21}. Best is trial 4 with value: 4.497753080095967.
[I 2025-08-12 04:30:01,345] Trial 13 finished with value: 4.403607090173405 and parameters: {'n_layers': 1, 'layer_0_size': 128, 'learning_rate': 0.0011415423749543574, 'batch_size': 512, 'dropout': 0.022156056766750462, 'l2_reg': 0.009288689878570339, 'max_epochs': 153, 'patience': 24}. Best is trial 13 with value: 4.403607090173405.
[I 2025-08-12 04:42:19,951] Trial 14 finished with value: 4.46273424886619 and parameters: {'n_layers': 1, 'layer_0_size': 128, 'learning_rate': 0.002477334251556412, 'batch_size': 128, 'dropout': 0.16545642090340737, 'l2_reg': 0.00045430014770546823, 'max_epochs': 135, 'patience': 25}. Best is trial 13 with value: 4.403607090173405.
[I 2025-08-12 04:56:31,683] Trial 15 finished with value: 4.469250335066432 and parameters: {'n_layers': 2, 'layer_0_size': 128, 'layer_1_size': 64, 'learning_rate': 0.002758510387198757, 'batch_size': 128, 'dropout': 0.19247455091722712, 'l2_reg': 1.2370108763463624e-05, 'max_epochs': 132, 'patience': 29}. Best is trial 13 with value: 4.403607090173405.
[I 2025-08-12 05:10:24,918] Trial 16 finished with value: 4.926605338321597 and parameters: {'n_layers': 1, 'layer_0_size': 16, 'learning_rate': 0.0021347439815627835, 'batch_size': 128, 'dropout': 0.19740453370308925, 'l2_reg': 0.0006664310287751148, 'max_epochs': 129, 'patience': 27}. Best is trial 13 with value: 4.403607090173405.
[I 2025-08-12 05:32:00,671] Trial 17 finished with value: 4.425763334087139 and parameters: {'n_layers': 2, 'layer_0_size': 32, 'layer_1_size': 128, 'learning_rate': 0.0008052587112537316, 'batch_size': 128, 'dropout': 0.08971877402158351, 'l2_reg': 0.00025035909770104384, 'max_epochs': 167, 'patience': 18}. Best is trial 13 with value: 4.403607090173405.
[I 2025-08-12 05:37:49,883] Trial 18 finished with value: 4.647856495251087 and parameters: {'n_layers': 2, 'layer_0_size': 32, 'layer_1_size': 128, 'learning_rate': 0.0007625344687909921, 'batch_size': 512, 'dropout': 0.07087029998766121, 'l2_reg': 7.5285627302814575e-06, 'max_epochs': 170, 'patience': 18}. Best is trial 13 with value: 4.403607090173405.
